<?xml version="1.0" encoding="UTF-8"?>
<testng-results ignored="0" total="2" passed="1" failed="1" skipped="0">
  <reporter-output>
  </reporter-output>
  <suite started-at="2022-01-06T20:26:19 IST" name="Banking App Test" finished-at="2022-01-06T20:27:29 IST" duration-ms="70198">
    <groups>
    </groups>
    <test started-at="2022-01-06T20:26:19 IST" name="Banking App Test" finished-at="2022-01-06T20:27:29 IST" duration-ms="70198">
      <class name="com.inetbanking.testCases.LoginTest">
        <test-method is-config="true" signature="setup(java.lang.String)[pri:0, instance:com.inetbanking.testCases.LoginTest@6107227e]" started-at="2022-01-06T20:26:22 IST" name="setup" finished-at="2022-01-06T20:27:17 IST" duration-ms="54204" status="PASS">
          <params>
            <param index="0">
              <value>
                <![CDATA[chrome]]>
              </value>
            </param>
          </params>
          <reporter-output>
          </reporter-output>
        </test-method> <!-- setup -->
        <test-method is-config="true" signature="loggingBeforeTest()[pri:0, instance:com.inetbanking.testCases.LoginTest@6107227e]" started-at="2022-01-06T20:27:17 IST" name="loggingBeforeTest" finished-at="2022-01-06T20:27:17 IST" duration-ms="105" status="PASS">
          <reporter-output>
          </reporter-output>
        </test-method> <!-- loggingBeforeTest -->
        <test-method signature="loginTest()[pri:0, instance:com.inetbanking.testCases.LoginTest@6107227e]" started-at="2022-01-06T20:27:17 IST" name="loginTest" finished-at="2022-01-06T20:27:26 IST" duration-ms="9563" status="PASS">
          <reporter-output>
          </reporter-output>
        </test-method> <!-- loginTest -->
        <test-method is-config="true" signature="loggingAfterTest()[pri:0, instance:com.inetbanking.testCases.LoginTest@6107227e]" started-at="2022-01-06T20:27:27 IST" name="loggingAfterTest" finished-at="2022-01-06T20:27:27 IST" duration-ms="1" status="PASS">
          <reporter-output>
          </reporter-output>
        </test-method> <!-- loggingAfterTest -->
        <test-method is-config="true" signature="loggingBeforeTest()[pri:0, instance:com.inetbanking.testCases.LoginTest@6107227e]" started-at="2022-01-06T20:27:27 IST" name="loggingBeforeTest" finished-at="2022-01-06T20:27:27 IST" duration-ms="1" status="PASS">
          <reporter-output>
          </reporter-output>
        </test-method> <!-- loggingBeforeTest -->
        <test-method signature="logoutTest()[pri:0, instance:com.inetbanking.testCases.LoginTest@6107227e]" started-at="2022-01-06T20:27:27 IST" name="logoutTest" finished-at="2022-01-06T20:27:28 IST" duration-ms="1444" status="FAIL">
          <exception class="java.lang.AssertionError">
            <message>
              <![CDATA[expected [true] but found [false]]]>
            </message>
            <full-stacktrace>
              <![CDATA[java.lang.AssertionError: expected [true] but found [false]
at org.testng.Assert.fail(Assert.java:99)
at org.testng.Assert.failNotEquals(Assert.java:1037)
at org.testng.Assert.assertTrue(Assert.java:45)
at org.testng.Assert.assertTrue(Assert.java:55)
at com.inetbanking.testCases.LoginTest.logoutTest(LoginTest.java:44)
at java.base/jdk.internal.reflect.NativeMethodAccessorImpl.invoke0(Native Method)
at java.base/jdk.internal.reflect.NativeMethodAccessorImpl.invoke(NativeMethodAccessorImpl.java:77)
at java.base/jdk.internal.reflect.DelegatingMethodAccessorImpl.invoke(DelegatingMethodAccessorImpl.java:43)
at java.base/java.lang.reflect.Method.invoke(Method.java:568)
at org.testng.internal.MethodInvocationHelper.invokeMethod(MethodInvocationHelper.java:133)
at org.testng.internal.TestInvoker.invokeMethod(TestInvoker.java:598)
at org.testng.internal.TestInvoker.invokeTestMethod(TestInvoker.java:173)
at org.testng.internal.MethodRunner.runInSequence(MethodRunner.java:46)
at org.testng.internal.TestInvoker$MethodInvocationAgent.invoke(TestInvoker.java:824)
at org.testng.internal.TestInvoker.invokeTestMethods(TestInvoker.java:146)
at org.testng.internal.TestMethodWorker.invokeTestMethods(TestMethodWorker.java:146)
at org.testng.internal.TestMethodWorker.run(TestMethodWorker.java:128)
at java.base/java.util.ArrayList.forEach(ArrayList.java:1511)
at org.testng.TestRunner.privateRun(TestRunner.java:794)
at org.testng.TestRunner.run(TestRunner.java:596)
at org.testng.SuiteRunner.runTest(SuiteRunner.java:377)
at org.testng.SuiteRunner.runSequentially(SuiteRunner.java:371)
at org.testng.SuiteRunner.privateRun(SuiteRunner.java:332)
at org.testng.SuiteRunner.run(SuiteRunner.java:276)
at org.testng.SuiteRunnerWorker.runSuite(SuiteRunnerWorker.java:53)
at org.testng.SuiteRunnerWorker.run(SuiteRunnerWorker.java:96)
at org.testng.TestNG.runSuitesSequentially(TestNG.java:1212)
at org.testng.TestNG.runSuitesLocally(TestNG.java:1134)
at org.testng.TestNG.runSuites(TestNG.java:1063)
at org.testng.TestNG.run(TestNG.java:1031)
at org.apache.maven.surefire.testng.TestNGExecutor.run(TestNGExecutor.java:295)
at org.apache.maven.surefire.testng.TestNGXmlTestSuite.execute(TestNGXmlTestSuite.java:84)
at org.apache.maven.surefire.testng.TestNGProvider.invoke(TestNGProvider.java:90)
at org.apache.maven.surefire.booter.ForkedBooter.invokeProviderInSameClassLoader(ForkedBooter.java:203)
at org.apache.maven.surefire.booter.ForkedBooter.runSuitesInProcess(ForkedBooter.java:155)
at org.apache.maven.surefire.booter.ForkedBooter.main(ForkedBooter.java:103)
]]>
            </full-stacktrace>
          </exception> <!-- java.lang.AssertionError -->
          <reporter-output>
          </reporter-output>
        </test-method> <!-- logoutTest -->
        <test-method is-config="true" signature="loggingAfterTest()[pri:0, instance:com.inetbanking.testCases.LoginTest@6107227e]" started-at="2022-01-06T20:27:28 IST" name="loggingAfterTest" finished-at="2022-01-06T20:27:28 IST" duration-ms="1" status="PASS">
          <reporter-output>
          </reporter-output>
        </test-method> <!-- loggingAfterTest -->
        <test-method is-config="true" signature="teardown()[pri:0, instance:com.inetbanking.testCases.LoginTest@6107227e]" started-at="2022-01-06T20:27:28 IST" name="teardown" finished-at="2022-01-06T20:27:29 IST" duration-ms="1093" status="PASS">
          <reporter-output>
          </reporter-output>
        </test-method> <!-- teardown -->
      </class> <!-- com.inetbanking.testCases.LoginTest -->
    </test> <!-- Banking App Test -->
  </suite> <!-- Banking App Test -->
</testng-results>
